

Started GET "/assets/rails.png" for 127.0.0.1 at 2012-07-12 17:52:18 +0900
Connecting to database specified by database.yml
Served asset /rails.png - 200 OK (11ms)


Started GET "/recipes" for 127.0.0.1 at 2012-07-12 17:52:27 +0900

ActionController::RoutingError (No route matches [GET] "/recipes"):
  actionpack (3.2.5) lib/action_dispatch/middleware/debug_exceptions.rb:21:in `call'
  actionpack (3.2.5) lib/action_dispatch/middleware/show_exceptions.rb:56:in `call'
  railties (3.2.5) lib/rails/rack/logger.rb:26:in `call_app'
  railties (3.2.5) lib/rails/rack/logger.rb:16:in `call'
  actionpack (3.2.5) lib/action_dispatch/middleware/request_id.rb:22:in `call'
  rack (1.4.1) lib/rack/methodoverride.rb:21:in `call'
  rack (1.4.1) lib/rack/runtime.rb:17:in `call'
  activesupport (3.2.5) lib/active_support/cache/strategy/local_cache.rb:72:in `call'
  rack (1.4.1) lib/rack/lock.rb:15:in `call'
  actionpack (3.2.5) lib/action_dispatch/middleware/static.rb:62:in `call'
  railties (3.2.5) lib/rails/engine.rb:479:in `call'
  railties (3.2.5) lib/rails/application.rb:220:in `call'
  rack (1.4.1) lib/rack/content_length.rb:14:in `call'
  railties (3.2.5) lib/rails/rack/log_tailer.rb:17:in `call'
  rack (1.4.1) lib/rack/handler/webrick.rb:59:in `service'
  /Users/toshi/.rvm/rubies/ruby-1.9.2-p290/lib/ruby/1.9.1/webrick/httpserver.rb:111:in `service'
  /Users/toshi/.rvm/rubies/ruby-1.9.2-p290/lib/ruby/1.9.1/webrick/httpserver.rb:70:in `run'
  /Users/toshi/.rvm/rubies/ruby-1.9.2-p290/lib/ruby/1.9.1/webrick/server.rb:183:in `block in start_thread'


  Rendered /Users/toshi/.rvm/gems/ruby-1.9.2-p290/gems/actionpack-3.2.5/lib/action_dispatch/middleware/templates/rescues/routing_error.erb within rescues/layout (16.8ms)
Connecting to database specified by database.yml


Started GET "/admin_masters" for 127.0.0.1 at 2012-07-12 17:55:33 +0900
Connecting to database specified by database.yml

AbstractController::ActionNotFound (The action 'index' could not be found for AdminMastersController):
  actionpack (3.2.5) lib/abstract_controller/base.rb:116:in `process'
  actionpack (3.2.5) lib/abstract_controller/rendering.rb:45:in `process'
  actionpack (3.2.5) lib/action_controller/metal.rb:203:in `dispatch'
  actionpack (3.2.5) lib/action_controller/metal/rack_delegation.rb:14:in `dispatch'
  actionpack (3.2.5) lib/action_controller/metal.rb:246:in `block in action'
  actionpack (3.2.5) lib/action_dispatch/routing/route_set.rb:73:in `call'
  actionpack (3.2.5) lib/action_dispatch/routing/route_set.rb:73:in `dispatch'
  actionpack (3.2.5) lib/action_dispatch/routing/route_set.rb:36:in `call'
  journey (1.0.4) lib/journey/router.rb:68:in `block in call'
  journey (1.0.4) lib/journey/router.rb:56:in `each'
  journey (1.0.4) lib/journey/router.rb:56:in `call'
  actionpack (3.2.5) lib/action_dispatch/routing/route_set.rb:600:in `call'
  actionpack (3.2.5) lib/action_dispatch/middleware/best_standards_support.rb:17:in `call'
  rack (1.4.1) lib/rack/etag.rb:23:in `call'
  rack (1.4.1) lib/rack/conditionalget.rb:25:in `call'
  actionpack (3.2.5) lib/action_dispatch/middleware/head.rb:14:in `call'
  actionpack (3.2.5) lib/action_dispatch/middleware/params_parser.rb:21:in `call'
  actionpack (3.2.5) lib/action_dispatch/middleware/flash.rb:238:in `call'
  rack (1.4.1) lib/rack/session/abstract/id.rb:205:in `context'
  rack (1.4.1) lib/rack/session/abstract/id.rb:200:in `call'
  actionpack (3.2.5) lib/action_dispatch/middleware/cookies.rb:338:in `call'
  activerecord (3.2.5) lib/active_record/query_cache.rb:64:in `call'
  activerecord (3.2.5) lib/active_record/connection_adapters/abstract/connection_pool.rb:473:in `call'
  actionpack (3.2.5) lib/action_dispatch/middleware/callbacks.rb:28:in `block in call'
  activesupport (3.2.5) lib/active_support/callbacks.rb:405:in `_run__2165294590922508349__call__2917592869569574199__callbacks'
  activesupport (3.2.5) lib/active_support/callbacks.rb:405:in `__run_callback'
  activesupport (3.2.5) lib/active_support/callbacks.rb:385:in `_run_call_callbacks'
  activesupport (3.2.5) lib/active_support/callbacks.rb:81:in `run_callbacks'
  actionpack (3.2.5) lib/action_dispatch/middleware/callbacks.rb:27:in `call'
  actionpack (3.2.5) lib/action_dispatch/middleware/reloader.rb:65:in `call'
  actionpack (3.2.5) lib/action_dispatch/middleware/remote_ip.rb:31:in `call'
  actionpack (3.2.5) lib/action_dispatch/middleware/debug_exceptions.rb:16:in `call'
  actionpack (3.2.5) lib/action_dispatch/middleware/show_exceptions.rb:56:in `call'
  railties (3.2.5) lib/rails/rack/logger.rb:26:in `call_app'
  railties (3.2.5) lib/rails/rack/logger.rb:16:in `call'
  actionpack (3.2.5) lib/action_dispatch/middleware/request_id.rb:22:in `call'
  rack (1.4.1) lib/rack/methodoverride.rb:21:in `call'
  rack (1.4.1) lib/rack/runtime.rb:17:in `call'
  activesupport (3.2.5) lib/active_support/cache/strategy/local_cache.rb:72:in `call'
  rack (1.4.1) lib/rack/lock.rb:15:in `call'
  actionpack (3.2.5) lib/action_dispatch/middleware/static.rb:62:in `call'
  railties (3.2.5) lib/rails/engine.rb:479:in `call'
  railties (3.2.5) lib/rails/application.rb:220:in `call'
  rack (1.4.1) lib/rack/content_length.rb:14:in `call'
  railties (3.2.5) lib/rails/rack/log_tailer.rb:17:in `call'
  rack (1.4.1) lib/rack/handler/webrick.rb:59:in `service'
  /Users/toshi/.rvm/rubies/ruby-1.9.2-p290/lib/ruby/1.9.1/webrick/httpserver.rb:111:in `service'
  /Users/toshi/.rvm/rubies/ruby-1.9.2-p290/lib/ruby/1.9.1/webrick/httpserver.rb:70:in `run'
  /Users/toshi/.rvm/rubies/ruby-1.9.2-p290/lib/ruby/1.9.1/webrick/server.rb:183:in `block in start_thread'


  Rendered /Users/toshi/.rvm/gems/ruby-1.9.2-p290/gems/actionpack-3.2.5/lib/action_dispatch/middleware/templates/rescues/unknown_action.erb within rescues/layout (16.1ms)


Started GET "/admin_masters/index" for 127.0.0.1 at 2012-07-12 17:58:14 +0900

AbstractController::ActionNotFound (The action 'show' could not be found for AdminMastersController):
  actionpack (3.2.5) lib/abstract_controller/base.rb:116:in `process'
  actionpack (3.2.5) lib/abstract_controller/rendering.rb:45:in `process'
  actionpack (3.2.5) lib/action_controller/metal.rb:203:in `dispatch'
  actionpack (3.2.5) lib/action_controller/metal/rack_delegation.rb:14:in `dispatch'
  actionpack (3.2.5) lib/action_controller/metal.rb:246:in `block in action'
  actionpack (3.2.5) lib/action_dispatch/routing/route_set.rb:73:in `call'
  actionpack (3.2.5) lib/action_dispatch/routing/route_set.rb:73:in `dispatch'
  actionpack (3.2.5) lib/action_dispatch/routing/route_set.rb:36:in `call'
  journey (1.0.4) lib/journey/router.rb:68:in `block in call'
  journey (1.0.4) lib/journey/router.rb:56:in `each'
  journey (1.0.4) lib/journey/router.rb:56:in `call'
  actionpack (3.2.5) lib/action_dispatch/routing/route_set.rb:600:in `call'
  actionpack (3.2.5) lib/action_dispatch/middleware/best_standards_support.rb:17:in `call'
  rack (1.4.1) lib/rack/etag.rb:23:in `call'
  rack (1.4.1) lib/rack/conditionalget.rb:25:in `call'
  actionpack (3.2.5) lib/action_dispatch/middleware/head.rb:14:in `call'
  actionpack (3.2.5) lib/action_dispatch/middleware/params_parser.rb:21:in `call'
  actionpack (3.2.5) lib/action_dispatch/middleware/flash.rb:238:in `call'
  rack (1.4.1) lib/rack/session/abstract/id.rb:205:in `context'
  rack (1.4.1) lib/rack/session/abstract/id.rb:200:in `call'
  actionpack (3.2.5) lib/action_dispatch/middleware/cookies.rb:338:in `call'
  activerecord (3.2.5) lib/active_record/query_cache.rb:64:in `call'
  activerecord (3.2.5) lib/active_record/connection_adapters/abstract/connection_pool.rb:473:in `call'
  actionpack (3.2.5) lib/action_dispatch/middleware/callbacks.rb:28:in `block in call'
  activesupport (3.2.5) lib/active_support/callbacks.rb:405:in `_run__2165294590922508349__call__2917592869569574199__callbacks'
  activesupport (3.2.5) lib/active_support/callbacks.rb:405:in `__run_callback'
  activesupport (3.2.5) lib/active_support/callbacks.rb:385:in `_run_call_callbacks'
  activesupport (3.2.5) lib/active_support/callbacks.rb:81:in `run_callbacks'
  actionpack (3.2.5) lib/action_dispatch/middleware/callbacks.rb:27:in `call'
  actionpack (3.2.5) lib/action_dispatch/middleware/reloader.rb:65:in `call'
  actionpack (3.2.5) lib/action_dispatch/middleware/remote_ip.rb:31:in `call'
  actionpack (3.2.5) lib/action_dispatch/middleware/debug_exceptions.rb:16:in `call'
  actionpack (3.2.5) lib/action_dispatch/middleware/show_exceptions.rb:56:in `call'
  railties (3.2.5) lib/rails/rack/logger.rb:26:in `call_app'
  railties (3.2.5) lib/rails/rack/logger.rb:16:in `call'
  actionpack (3.2.5) lib/action_dispatch/middleware/request_id.rb:22:in `call'
  rack (1.4.1) lib/rack/methodoverride.rb:21:in `call'
  rack (1.4.1) lib/rack/runtime.rb:17:in `call'
  activesupport (3.2.5) lib/active_support/cache/strategy/local_cache.rb:72:in `call'
  rack (1.4.1) lib/rack/lock.rb:15:in `call'
  actionpack (3.2.5) lib/action_dispatch/middleware/static.rb:62:in `call'
  railties (3.2.5) lib/rails/engine.rb:479:in `call'
  railties (3.2.5) lib/rails/application.rb:220:in `call'
  rack (1.4.1) lib/rack/content_length.rb:14:in `call'
  railties (3.2.5) lib/rails/rack/log_tailer.rb:17:in `call'
  rack (1.4.1) lib/rack/handler/webrick.rb:59:in `service'
  /Users/toshi/.rvm/rubies/ruby-1.9.2-p290/lib/ruby/1.9.1/webrick/httpserver.rb:111:in `service'
  /Users/toshi/.rvm/rubies/ruby-1.9.2-p290/lib/ruby/1.9.1/webrick/httpserver.rb:70:in `run'
  /Users/toshi/.rvm/rubies/ruby-1.9.2-p290/lib/ruby/1.9.1/webrick/server.rb:183:in `block in start_thread'


  Rendered /Users/toshi/.rvm/gems/ruby-1.9.2-p290/gems/actionpack-3.2.5/lib/action_dispatch/middleware/templates/rescues/unknown_action.erb within rescues/layout (0.7ms)


Started GET "/admin_masters" for 127.0.0.1 at 2012-07-12 17:58:20 +0900
Processing by AdminMastersController#index as HTML
Completed 500 Internal Server Error in 109ms

ActiveRecord::StatementInvalid (Could not find table 'admin_masters'):
  app/controllers/admin_masters_controller.rb:6:in `index'


  Rendered /Users/toshi/.rvm/gems/ruby-1.9.2-p290/gems/actionpack-3.2.5/lib/action_dispatch/middleware/templates/rescues/_trace.erb (5.3ms)
  Rendered /Users/toshi/.rvm/gems/ruby-1.9.2-p290/gems/actionpack-3.2.5/lib/action_dispatch/middleware/templates/rescues/_request_and_response.erb (1.6ms)
  Rendered /Users/toshi/.rvm/gems/ruby-1.9.2-p290/gems/actionpack-3.2.5/lib/action_dispatch/middleware/templates/rescues/diagnostics.erb within rescues/layout (21.1ms)
Connecting to database specified by database.yml
  [1m[36m (0.2ms)[0m  [1mselect sqlite_version(*)[0m
  [1m[35m (1.5ms)[0m  CREATE TABLE "schema_migrations" ("version" varchar(255) NOT NULL) 
  [1m[36m (0.0ms)[0m  [1mPRAGMA index_list("schema_migrations")[0m
  [1m[35m (1.2ms)[0m  CREATE UNIQUE INDEX "unique_schema_migrations" ON "schema_migrations" ("version")
  [1m[36m (0.1ms)[0m  [1mSELECT "schema_migrations"."version" FROM "schema_migrations" [0m
Migrating to CreateAdminMasters (20120712085347)
  [1m[35m (0.1ms)[0m  begin transaction
  [1m[36m (0.7ms)[0m  [1mCREATE TABLE "admin_masters" ("id" INTEGER PRIMARY KEY AUTOINCREMENT NOT NULL, "userid" varchar(255), "username" varchar(255), "created_at" datetime NOT NULL, "updated_at" datetime NOT NULL) [0m
  [1m[35m (0.2ms)[0m  INSERT INTO "schema_migrations" ("version") VALUES ('20120712085347')
  [1m[36m (1.8ms)[0m  [1mcommit transaction[0m
  [1m[35m (0.4ms)[0m  select sqlite_version(*)
  [1m[36m (0.2ms)[0m  [1mSELECT "schema_migrations"."version" FROM "schema_migrations" [0m
  [1m[35m (0.0ms)[0m  PRAGMA index_list("admin_masters")


Started GET "/admin_masters" for 127.0.0.1 at 2012-07-12 17:59:07 +0900
Processing by AdminMastersController#index as HTML
  [1m[36mAdminMaster Load (0.2ms)[0m  [1mSELECT "admin_masters".* FROM "admin_masters" [0m
Completed 500 Internal Server Error in 81ms

ActionView::MissingTemplate (Missing template admin_masters/index, application/index with {:locale=>[:en], :formats=>[:html], :handlers=>[:erb, :builder, :coffee]}. Searched in:
  * "/Users/toshi/Project/sample/recipe/app/views"
):
  actionpack (3.2.5) lib/action_view/path_set.rb:58:in `find'
  actionpack (3.2.5) lib/action_view/lookup_context.rb:109:in `find'
  actionpack (3.2.5) lib/action_view/renderer/abstract_renderer.rb:3:in `find_template'
  actionpack (3.2.5) lib/action_view/renderer/template_renderer.rb:34:in `determine_template'
  actionpack (3.2.5) lib/action_view/renderer/template_renderer.rb:10:in `render'
  actionpack (3.2.5) lib/action_view/renderer/renderer.rb:36:in `render_template'
  actionpack (3.2.5) lib/action_view/renderer/renderer.rb:17:in `render'
  actionpack (3.2.5) lib/abstract_controller/rendering.rb:110:in `_render_template'
  actionpack (3.2.5) lib/action_controller/metal/streaming.rb:225:in `_render_template'
  actionpack (3.2.5) lib/abstract_controller/rendering.rb:103:in `render_to_body'
  actionpack (3.2.5) lib/action_controller/metal/renderers.rb:28:in `render_to_body'
  actionpack (3.2.5) lib/action_controller/metal/compatibility.rb:50:in `render_to_body'
  actionpack (3.2.5) lib/abstract_controller/rendering.rb:88:in `render'
  actionpack (3.2.5) lib/action_controller/metal/rendering.rb:16:in `render'
  actionpack (3.2.5) lib/action_controller/metal/instrumentation.rb:40:in `block (2 levels) in render'
  activesupport (3.2.5) lib/active_support/core_ext/benchmark.rb:5:in `block in ms'
  /Users/toshi/.rvm/rubies/ruby-1.9.2-p290/lib/ruby/1.9.1/benchmark.rb:310:in `realtime'
  activesupport (3.2.5) lib/active_support/core_ext/benchmark.rb:5:in `ms'
  actionpack (3.2.5) lib/action_controller/metal/instrumentation.rb:40:in `block in render'
  actionpack (3.2.5) lib/action_controller/metal/instrumentation.rb:83:in `cleanup_view_runtime'
  activerecord (3.2.5) lib/active_record/railties/controller_runtime.rb:24:in `cleanup_view_runtime'
  actionpack (3.2.5) lib/action_controller/metal/instrumentation.rb:39:in `render'
  actionpack (3.2.5) lib/action_controller/metal/implicit_render.rb:10:in `default_render'
  actionpack (3.2.5) lib/action_controller/metal/implicit_render.rb:5:in `send_action'
  actionpack (3.2.5) lib/abstract_controller/base.rb:167:in `process_action'
  actionpack (3.2.5) lib/action_controller/metal/rendering.rb:10:in `process_action'
  actionpack (3.2.5) lib/abstract_controller/callbacks.rb:18:in `block in process_action'
  activesupport (3.2.5) lib/active_support/callbacks.rb:414:in `_run__1254259285820452322__process_action__2572144566311107350__callbacks'
  activesupport (3.2.5) lib/active_support/callbacks.rb:405:in `__run_callback'
  activesupport (3.2.5) lib/active_support/callbacks.rb:385:in `_run_process_action_callbacks'
  activesupport (3.2.5) lib/active_support/callbacks.rb:81:in `run_callbacks'
  actionpack (3.2.5) lib/abstract_controller/callbacks.rb:17:in `process_action'
  actionpack (3.2.5) lib/action_controller/metal/rescue.rb:29:in `process_action'
  actionpack (3.2.5) lib/action_controller/metal/instrumentation.rb:30:in `block in process_action'
  activesupport (3.2.5) lib/active_support/notifications.rb:123:in `block in instrument'
  activesupport (3.2.5) lib/active_support/notifications/instrumenter.rb:20:in `instrument'
  activesupport (3.2.5) lib/active_support/notifications.rb:123:in `instrument'
  actionpack (3.2.5) lib/action_controller/metal/instrumentation.rb:29:in `process_action'
  actionpack (3.2.5) lib/action_controller/metal/params_wrapper.rb:206:in `process_action'
  activerecord (3.2.5) lib/active_record/railties/controller_runtime.rb:18:in `process_action'
  actionpack (3.2.5) lib/abstract_controller/base.rb:121:in `process'
  actionpack (3.2.5) lib/abstract_controller/rendering.rb:45:in `process'
  actionpack (3.2.5) lib/action_controller/metal.rb:203:in `dispatch'
  actionpack (3.2.5) lib/action_controller/metal/rack_delegation.rb:14:in `dispatch'
  actionpack (3.2.5) lib/action_controller/metal.rb:246:in `block in action'
  actionpack (3.2.5) lib/action_dispatch/routing/route_set.rb:73:in `call'
  actionpack (3.2.5) lib/action_dispatch/routing/route_set.rb:73:in `dispatch'
  actionpack (3.2.5) lib/action_dispatch/routing/route_set.rb:36:in `call'
  journey (1.0.4) lib/journey/router.rb:68:in `block in call'
  journey (1.0.4) lib/journey/router.rb:56:in `each'
  journey (1.0.4) lib/journey/router.rb:56:in `call'
  actionpack (3.2.5) lib/action_dispatch/routing/route_set.rb:600:in `call'
  actionpack (3.2.5) lib/action_dispatch/middleware/best_standards_support.rb:17:in `call'
  rack (1.4.1) lib/rack/etag.rb:23:in `call'
  rack (1.4.1) lib/rack/conditionalget.rb:25:in `call'
  actionpack (3.2.5) lib/action_dispatch/middleware/head.rb:14:in `call'
  actionpack (3.2.5) lib/action_dispatch/middleware/params_parser.rb:21:in `call'
  actionpack (3.2.5) lib/action_dispatch/middleware/flash.rb:238:in `call'
  rack (1.4.1) lib/rack/session/abstract/id.rb:205:in `context'
  rack (1.4.1) lib/rack/session/abstract/id.rb:200:in `call'
  actionpack (3.2.5) lib/action_dispatch/middleware/cookies.rb:338:in `call'
  activerecord (3.2.5) lib/active_record/query_cache.rb:64:in `call'
  activerecord (3.2.5) lib/active_record/connection_adapters/abstract/connection_pool.rb:473:in `call'
  actionpack (3.2.5) lib/action_dispatch/middleware/callbacks.rb:28:in `block in call'
  activesupport (3.2.5) lib/active_support/callbacks.rb:405:in `_run__2165294590922508349__call__2917592869569574199__callbacks'
  activesupport (3.2.5) lib/active_support/callbacks.rb:405:in `__run_callback'
  activesupport (3.2.5) lib/active_support/callbacks.rb:385:in `_run_call_callbacks'
  activesupport (3.2.5) lib/active_support/callbacks.rb:81:in `run_callbacks'
  actionpack (3.2.5) lib/action_dispatch/middleware/callbacks.rb:27:in `call'
  actionpack (3.2.5) lib/action_dispatch/middleware/reloader.rb:65:in `call'
  actionpack (3.2.5) lib/action_dispatch/middleware/remote_ip.rb:31:in `call'
  actionpack (3.2.5) lib/action_dispatch/middleware/debug_exceptions.rb:16:in `call'
  actionpack (3.2.5) lib/action_dispatch/middleware/show_exceptions.rb:56:in `call'
  railties (3.2.5) lib/rails/rack/logger.rb:26:in `call_app'
  railties (3.2.5) lib/rails/rack/logger.rb:16:in `call'
  actionpack (3.2.5) lib/action_dispatch/middleware/request_id.rb:22:in `call'
  rack (1.4.1) lib/rack/methodoverride.rb:21:in `call'
  rack (1.4.1) lib/rack/runtime.rb:17:in `call'
  activesupport (3.2.5) lib/active_support/cache/strategy/local_cache.rb:72:in `call'
  rack (1.4.1) lib/rack/lock.rb:15:in `call'
  actionpack (3.2.5) lib/action_dispatch/middleware/static.rb:62:in `call'
  railties (3.2.5) lib/rails/engine.rb:479:in `call'
  railties (3.2.5) lib/rails/application.rb:220:in `call'
  rack (1.4.1) lib/rack/content_length.rb:14:in `call'
  railties (3.2.5) lib/rails/rack/log_tailer.rb:17:in `call'
  rack (1.4.1) lib/rack/handler/webrick.rb:59:in `service'
  /Users/toshi/.rvm/rubies/ruby-1.9.2-p290/lib/ruby/1.9.1/webrick/httpserver.rb:111:in `service'
  /Users/toshi/.rvm/rubies/ruby-1.9.2-p290/lib/ruby/1.9.1/webrick/httpserver.rb:70:in `run'
  /Users/toshi/.rvm/rubies/ruby-1.9.2-p290/lib/ruby/1.9.1/webrick/server.rb:183:in `block in start_thread'


  Rendered /Users/toshi/.rvm/gems/ruby-1.9.2-p290/gems/actionpack-3.2.5/lib/action_dispatch/middleware/templates/rescues/missing_template.erb within rescues/layout (0.7ms)


Started GET "/admin_masters" for 127.0.0.1 at 2012-07-12 18:02:19 +0900
Processing by AdminMastersController#index as HTML
  [1m[35mAdminMaster Load (0.3ms)[0m  SELECT "admin_masters".* FROM "admin_masters" 
  Rendered admin_masters/index.html.erb within layouts/application (0.7ms)
Compiled admin_masters.css  (38ms)  (pid 624)
Compiled application.css  (51ms)  (pid 624)
Compiled jquery.js  (3ms)  (pid 624)
Compiled jquery_ujs.js  (1ms)  (pid 624)
Compiled admin_masters.js  (172ms)  (pid 624)
Compiled application.js  (265ms)  (pid 624)
Completed 200 OK in 459ms (Views: 458.0ms | ActiveRecord: 0.3ms)


Started GET "/assets/application.css?body=1" for 127.0.0.1 at 2012-07-12 18:02:20 +0900
Served asset /application.css - 200 OK (52ms)


Started GET "/assets/jquery.js?body=1" for 127.0.0.1 at 2012-07-12 18:02:20 +0900
Served asset /jquery.js - 200 OK (9ms)


Started GET "/assets/jquery_ujs.js?body=1" for 127.0.0.1 at 2012-07-12 18:02:20 +0900
Served asset /jquery_ujs.js - 200 OK (3ms)


Started GET "/assets/admin_masters.css?body=1" for 127.0.0.1 at 2012-07-12 18:02:20 +0900
Served asset /admin_masters.css - 200 OK (3ms)


Started GET "/assets/admin_masters.js?body=1" for 127.0.0.1 at 2012-07-12 18:02:20 +0900
Served asset /admin_masters.js - 200 OK (2ms)


Started GET "/assets/application.js?body=1" for 127.0.0.1 at 2012-07-12 18:02:20 +0900
Served asset /application.js - 200 OK (11ms)
Connecting to database specified by database.yml


Started GET "/diaries" for 127.0.0.1 at 2012-07-12 18:04:24 +0900

ActionController::RoutingError (No route matches [GET] "/diaries"):
  actionpack (3.2.5) lib/action_dispatch/middleware/debug_exceptions.rb:21:in `call'
  actionpack (3.2.5) lib/action_dispatch/middleware/show_exceptions.rb:56:in `call'
  railties (3.2.5) lib/rails/rack/logger.rb:26:in `call_app'
  railties (3.2.5) lib/rails/rack/logger.rb:16:in `call'
  actionpack (3.2.5) lib/action_dispatch/middleware/request_id.rb:22:in `call'
  rack (1.4.1) lib/rack/methodoverride.rb:21:in `call'
  rack (1.4.1) lib/rack/runtime.rb:17:in `call'
  activesupport (3.2.5) lib/active_support/cache/strategy/local_cache.rb:72:in `call'
  rack (1.4.1) lib/rack/lock.rb:15:in `call'
  actionpack (3.2.5) lib/action_dispatch/middleware/static.rb:62:in `call'
  railties (3.2.5) lib/rails/engine.rb:479:in `call'
  railties (3.2.5) lib/rails/application.rb:220:in `call'
  rack (1.4.1) lib/rack/content_length.rb:14:in `call'
  railties (3.2.5) lib/rails/rack/log_tailer.rb:17:in `call'
  rack (1.4.1) lib/rack/handler/webrick.rb:59:in `service'
  /Users/toshi/.rvm/rubies/ruby-1.9.2-p290/lib/ruby/1.9.1/webrick/httpserver.rb:111:in `service'
  /Users/toshi/.rvm/rubies/ruby-1.9.2-p290/lib/ruby/1.9.1/webrick/httpserver.rb:70:in `run'
  /Users/toshi/.rvm/rubies/ruby-1.9.2-p290/lib/ruby/1.9.1/webrick/server.rb:183:in `block in start_thread'


  Rendered /Users/toshi/.rvm/gems/ruby-1.9.2-p290/gems/actionpack-3.2.5/lib/action_dispatch/middleware/templates/rescues/routing_error.erb within rescues/layout (1.1ms)


Started GET "/admin_masters" for 127.0.0.1 at 2012-07-12 18:07:43 +0900
Processing by AdminMastersController#index as HTML
  [1m[36mAdminMaster Load (0.4ms)[0m  [1mSELECT "admin_masters".* FROM "admin_masters" [0m
  Rendered admin_masters/index.html.erb within layouts/application (0.2ms)
Completed 200 OK in 31ms (Views: 21.5ms | ActiveRecord: 0.4ms)


Started GET "/assets/application.css?body=1" for 127.0.0.1 at 2012-07-12 18:07:44 +0900
Served asset /application.css - 304 Not Modified (0ms)


Started GET "/assets/admin_masters.js?body=1" for 127.0.0.1 at 2012-07-12 18:07:44 +0900
Served asset /admin_masters.js - 304 Not Modified (0ms)


Started GET "/assets/jquery.js?body=1" for 127.0.0.1 at 2012-07-12 18:07:44 +0900
Served asset /jquery.js - 304 Not Modified (0ms)


Started GET "/assets/admin_masters.css?body=1" for 127.0.0.1 at 2012-07-12 18:07:44 +0900
Served asset /admin_masters.css - 304 Not Modified (0ms)


Started GET "/assets/application.js?body=1" for 127.0.0.1 at 2012-07-12 18:07:44 +0900
Served asset /application.js - 304 Not Modified (0ms)


Started GET "/assets/jquery_ujs.js?body=1" for 127.0.0.1 at 2012-07-12 18:07:44 +0900
Served asset /jquery_ujs.js - 304 Not Modified (0ms)


Started GET "/admin_masters" for 127.0.0.1 at 2012-07-12 18:08:54 +0900
Processing by AdminMastersController#index as HTML
  [1m[35mAdminMaster Load (0.4ms)[0m  SELECT "admin_masters".* FROM "admin_masters" 
  Rendered admin_masters/index.html.erb within layouts/application (0.9ms)
Completed 200 OK in 11ms (Views: 9.7ms | ActiveRecord: 0.4ms)


Started GET "/assets/admin_masters.js?body=1" for 127.0.0.1 at 2012-07-12 18:08:54 +0900
Served asset /admin_masters.js - 304 Not Modified (0ms)


Started GET "/assets/admin_masters.css?body=1" for 127.0.0.1 at 2012-07-12 18:08:54 +0900
Served asset /admin_masters.css - 304 Not Modified (0ms)


Started GET "/assets/jquery_ujs.js?body=1" for 127.0.0.1 at 2012-07-12 18:08:54 +0900
Served asset /jquery_ujs.js - 304 Not Modified (0ms)


Started GET "/assets/jquery.js?body=1" for 127.0.0.1 at 2012-07-12 18:08:54 +0900
Served asset /jquery.js - 304 Not Modified (0ms)


Started GET "/assets/application.css?body=1" for 127.0.0.1 at 2012-07-12 18:08:54 +0900
Served asset /application.css - 304 Not Modified (0ms)


Started GET "/assets/application.js?body=1" for 127.0.0.1 at 2012-07-12 18:08:54 +0900
Served asset /application.js - 304 Not Modified (0ms)


Started GET "/admin_masters" for 127.0.0.1 at 2012-07-12 18:10:06 +0900
Processing by AdminMastersController#index as HTML
  [1m[36mAdminMaster Load (0.3ms)[0m  [1mSELECT "admin_masters".* FROM "admin_masters" [0m
  Rendered admin_masters/index.html.erb within layouts/application (1.0ms)
Completed 200 OK in 13ms (Views: 11.4ms | ActiveRecord: 0.3ms)


Started GET "/assets/admin_masters.css?body=1" for 127.0.0.1 at 2012-07-12 18:10:07 +0900
Served asset /admin_masters.css - 304 Not Modified (0ms)


Started GET "/assets/jquery_ujs.js?body=1" for 127.0.0.1 at 2012-07-12 18:10:07 +0900
Served asset /jquery_ujs.js - 304 Not Modified (0ms)


Started GET "/assets/admin_masters.js?body=1" for 127.0.0.1 at 2012-07-12 18:10:07 +0900
Served asset /admin_masters.js - 304 Not Modified (0ms)


Started GET "/assets/jquery.js?body=1" for 127.0.0.1 at 2012-07-12 18:10:07 +0900
Served asset /jquery.js - 304 Not Modified (0ms)


Started GET "/assets/application.css?body=1" for 127.0.0.1 at 2012-07-12 18:10:07 +0900
Served asset /application.css - 304 Not Modified (0ms)


Started GET "/assets/application.js?body=1" for 127.0.0.1 at 2012-07-12 18:10:07 +0900
Served asset /application.js - 304 Not Modified (0ms)


Started GET "/admin_masters" for 127.0.0.1 at 2012-07-12 18:11:02 +0900
Processing by AdminMastersController#index as HTML
  [1m[35mAdminMaster Load (0.4ms)[0m  SELECT "admin_masters".* FROM "admin_masters" 
  Rendered admin_masters/index.html.erb within layouts/application (0.9ms)
Completed 200 OK in 57ms (Views: 55.4ms | ActiveRecord: 0.4ms)


Started GET "/assets/admin_masters.css?body=1" for 127.0.0.1 at 2012-07-12 18:11:02 +0900
Served asset /admin_masters.css - 304 Not Modified (2ms)


Started GET "/assets/jquery.js?body=1" for 127.0.0.1 at 2012-07-12 18:11:02 +0900
Served asset /jquery.js - 304 Not Modified (0ms)


Started GET "/assets/jquery_ujs.js?body=1" for 127.0.0.1 at 2012-07-12 18:11:02 +0900
Served asset /jquery_ujs.js - 304 Not Modified (0ms)


Started GET "/assets/application.css?body=1" for 127.0.0.1 at 2012-07-12 18:11:02 +0900
Served asset /application.css - 304 Not Modified (0ms)


Started GET "/assets/admin_masters.js?body=1" for 127.0.0.1 at 2012-07-12 18:11:02 +0900
Served asset /admin_masters.js - 304 Not Modified (0ms)


Started GET "/assets/application.js?body=1" for 127.0.0.1 at 2012-07-12 18:11:02 +0900
Served asset /application.js - 304 Not Modified (0ms)


Started GET "/admin_masters" for 127.0.0.1 at 2012-07-12 18:38:12 +0900
Connecting to database specified by database.yml
Processing by AdminMastersController#index as HTML
  [1m[36mAdminMaster Load (0.2ms)[0m  [1mSELECT "admin_masters".* FROM "admin_masters" [0m
  Rendered admin_masters/index.html.erb within layouts/application (21.7ms)
Completed 200 OK in 367ms (Views: 161.8ms | ActiveRecord: 16.0ms)


Started GET "/assets/admin_masters.css?body=1" for 127.0.0.1 at 2012-07-12 18:38:14 +0900
Served asset /admin_masters.css - 200 OK (16ms)


Started GET "/assets/jquery.js?body=1" for 127.0.0.1 at 2012-07-12 18:38:14 +0900
Served asset /jquery.js - 304 Not Modified (10ms)


Started GET "/assets/application.js?body=1" for 127.0.0.1 at 2012-07-12 18:38:14 +0900
Served asset /application.js - 304 Not Modified (9ms)


Started GET "/assets/jquery_ujs.js?body=1" for 127.0.0.1 at 2012-07-12 18:38:14 +0900
Served asset /jquery_ujs.js - 304 Not Modified (14ms)


Started GET "/assets/admin_masters.js?body=1" for 127.0.0.1 at 2012-07-12 18:38:14 +0900
Served asset /admin_masters.js - 304 Not Modified (2ms)


Started GET "/assets/application.css?body=1" for 127.0.0.1 at 2012-07-12 18:38:14 +0900
Served asset /application.css - 304 Not Modified (4ms)
Connecting to database specified by database.yml


Started GET "/admin_masters" for 127.0.0.1 at 2012-07-12 18:40:10 +0900
Processing by AdminMastersController#index as HTML
  [1m[35mAdminMaster Load (0.3ms)[0m  SELECT "admin_masters".* FROM "admin_masters" 
  Rendered admin_masters/index.html.erb within layouts/application (0.3ms)
Completed 200 OK in 25ms (Views: 21.1ms | ActiveRecord: 0.3ms)


Started GET "/assets/application.css?body=1" for 127.0.0.1 at 2012-07-12 18:40:10 +0900
Served asset /application.css - 304 Not Modified (0ms)


Started GET "/assets/jquery_ujs.js?body=1" for 127.0.0.1 at 2012-07-12 18:40:10 +0900
Served asset /jquery_ujs.js - 304 Not Modified (0ms)


Started GET "/assets/admin_masters.css?body=1" for 127.0.0.1 at 2012-07-12 18:40:10 +0900
Served asset /admin_masters.css - 304 Not Modified (0ms)


Started GET "/assets/jquery.js?body=1" for 127.0.0.1 at 2012-07-12 18:40:10 +0900
Served asset /jquery.js - 304 Not Modified (0ms)


Started GET "/assets/admin_masters.js?body=1" for 127.0.0.1 at 2012-07-12 18:40:10 +0900
Served asset /admin_masters.js - 304 Not Modified (0ms)


Started GET "/assets/application.js?body=1" for 127.0.0.1 at 2012-07-12 18:40:10 +0900
Served asset /application.js - 304 Not Modified (0ms)


Started GET "/admin_masters" for 127.0.0.1 at 2012-07-12 18:44:00 +0900
Processing by AdminMastersController#index as HTML
  [1m[36mAdminMaster Load (0.2ms)[0m  [1mSELECT "admin_masters".* FROM "admin_masters" [0m
  Rendered admin_masters/index.html.erb within layouts/application (32.9ms)
Completed 500 Internal Server Error in 47ms

ActionView::Template::Error (undefined method `uesrid' for #<AdminMaster:0x007f92ae3788c0>):
    3: <h2>管理者マスタ</h2>
    4: 
    5: <% @adminmasters.each do |adminmaster| %>
    6: <%= link_to adminmaster.uesrid, post_path(adminmaster) %>
    7: <div>ユーザID:<%= adminmaster.userid %>&nbsp;ユーザ名称:<%= adminmaster.username %></div>
    8: <% end %>
    9: 
  app/views/admin_masters/index.html.erb:6:in `block in _app_views_admin_masters_index_html_erb__2045581440064550921_70133980753180'
  app/views/admin_masters/index.html.erb:5:in `each'
  app/views/admin_masters/index.html.erb:5:in `_app_views_admin_masters_index_html_erb__2045581440064550921_70133980753180'


  Rendered /Users/toshi/.rvm/gems/ruby-1.9.2-p290/gems/actionpack-3.2.5/lib/action_dispatch/middleware/templates/rescues/_trace.erb (6.3ms)
  Rendered /Users/toshi/.rvm/gems/ruby-1.9.2-p290/gems/actionpack-3.2.5/lib/action_dispatch/middleware/templates/rescues/_request_and_response.erb (1.7ms)
  Rendered /Users/toshi/.rvm/gems/ruby-1.9.2-p290/gems/actionpack-3.2.5/lib/action_dispatch/middleware/templates/rescues/template_error.erb within rescues/layout (22.7ms)


Started GET "/admin_masters" for 127.0.0.1 at 2012-07-12 18:45:29 +0900
Processing by AdminMastersController#index as HTML
  [1m[35mAdminMaster Load (0.3ms)[0m  SELECT "admin_masters".* FROM "admin_masters" 
  Rendered admin_masters/index.html.erb within layouts/application (15.1ms)
Completed 500 Internal Server Error in 19ms

ActionView::Template::Error (undefined method `post_path' for #<#<Class:0x007f92ae0c8a30>:0x007f92ac692238>):
    3: <h2>管理者マスタ</h2>
    4: 
    5: <% @adminmasters.each do |adminmaster| %>
    6: <%= link_to adminmaster.userid, post_path(adminmaster) %>
    7: <div>ユーザID:<%= adminmaster.userid %>&nbsp;ユーザ名称:<%= adminmaster.username %></div>
    8: <% end %>
    9: 
  app/views/admin_masters/index.html.erb:6:in `block in _app_views_admin_masters_index_html_erb__2045581440064550921_70133967210980'
  app/views/admin_masters/index.html.erb:5:in `each'
  app/views/admin_masters/index.html.erb:5:in `_app_views_admin_masters_index_html_erb__2045581440064550921_70133967210980'


  Rendered /Users/toshi/.rvm/gems/ruby-1.9.2-p290/gems/actionpack-3.2.5/lib/action_dispatch/middleware/templates/rescues/_trace.erb (7.0ms)
  Rendered /Users/toshi/.rvm/gems/ruby-1.9.2-p290/gems/actionpack-3.2.5/lib/action_dispatch/middleware/templates/rescues/_request_and_response.erb (1.8ms)
  Rendered /Users/toshi/.rvm/gems/ruby-1.9.2-p290/gems/actionpack-3.2.5/lib/action_dispatch/middleware/templates/rescues/template_error.erb within rescues/layout (20.1ms)


Started GET "/admin_masters" for 127.0.0.1 at 2012-07-12 18:50:20 +0900
Processing by AdminMastersController#index as HTML
  [1m[36mAdminMaster Load (0.3ms)[0m  [1mSELECT "admin_masters".* FROM "admin_masters" [0m
  Rendered admin_masters/index.html.erb within layouts/application (13.9ms)
Completed 500 Internal Server Error in 18ms

ActionView::Template::Error (undefined method `adminmaster_path' for #<#<Class:0x007f92ae0c8a30>:0x007f92ac7e0b30>):
    3: <h2>管理者マスタ</h2>
    4: 
    5: <% @adminmasters.each do |adminmaster| %>
    6: <%= link_to adminmaster.userid, adminmaster_path(adminmaster) %>
    7: <div>ユーザID:<%= adminmaster.userid %>&nbsp;ユーザ名称:<%= adminmaster.username %></div>
    8: <% end %>
    9: 
  app/views/admin_masters/index.html.erb:6:in `block in _app_views_admin_masters_index_html_erb__2045581440064550921_70133967944940'
  app/views/admin_masters/index.html.erb:5:in `each'
  app/views/admin_masters/index.html.erb:5:in `_app_views_admin_masters_index_html_erb__2045581440064550921_70133967944940'


  Rendered /Users/toshi/.rvm/gems/ruby-1.9.2-p290/gems/actionpack-3.2.5/lib/action_dispatch/middleware/templates/rescues/_trace.erb (7.0ms)
  Rendered /Users/toshi/.rvm/gems/ruby-1.9.2-p290/gems/actionpack-3.2.5/lib/action_dispatch/middleware/templates/rescues/_request_and_response.erb (1.6ms)
  Rendered /Users/toshi/.rvm/gems/ruby-1.9.2-p290/gems/actionpack-3.2.5/lib/action_dispatch/middleware/templates/rescues/template_error.erb within rescues/layout (19.2ms)


Started GET "/admin_masters" for 127.0.0.1 at 2012-07-12 18:50:40 +0900
Processing by AdminMastersController#index as HTML
  [1m[35mAdminMaster Load (0.4ms)[0m  SELECT "admin_masters".* FROM "admin_masters" 
  Rendered admin_masters/index.html.erb within layouts/application (17.4ms)
Completed 500 Internal Server Error in 22ms

ActionView::Template::Error (undefined method `recipe_path' for #<#<Class:0x007f92ae0c8a30>:0x007f92ae555300>):
    3: <h2>管理者マスタ</h2>
    4: 
    5: <% @adminmasters.each do |adminmaster| %>
    6: <%= link_to adminmaster.userid, recipe_path(adminmaster) %>
    7: <div>ユーザID:<%= adminmaster.userid %>&nbsp;ユーザ名称:<%= adminmaster.username %></div>
    8: <% end %>
    9: 
  app/views/admin_masters/index.html.erb:6:in `block in _app_views_admin_masters_index_html_erb__2045581440064550921_70133983404240'
  app/views/admin_masters/index.html.erb:5:in `each'
  app/views/admin_masters/index.html.erb:5:in `_app_views_admin_masters_index_html_erb__2045581440064550921_70133983404240'


  Rendered /Users/toshi/.rvm/gems/ruby-1.9.2-p290/gems/actionpack-3.2.5/lib/action_dispatch/middleware/templates/rescues/_trace.erb (6.1ms)
  Rendered /Users/toshi/.rvm/gems/ruby-1.9.2-p290/gems/actionpack-3.2.5/lib/action_dispatch/middleware/templates/rescues/_request_and_response.erb (1.6ms)
  Rendered /Users/toshi/.rvm/gems/ruby-1.9.2-p290/gems/actionpack-3.2.5/lib/action_dispatch/middleware/templates/rescues/template_error.erb within rescues/layout (66.5ms)


Started GET "/admin_masters" for 127.0.0.1 at 2012-07-12 18:51:01 +0900
Processing by AdminMastersController#index as HTML
  [1m[36mAdminMaster Load (0.3ms)[0m  [1mSELECT "admin_masters".* FROM "admin_masters" [0m
  Rendered admin_masters/index.html.erb within layouts/application (12.3ms)
Completed 500 Internal Server Error in 16ms

ActionView::Template::Error (undefined method `adminmaster_path' for #<#<Class:0x007f92ae0c8a30>:0x007f92ae920368>):
    3: <h2>管理者マスタ</h2>
    4: 
    5: <% @adminmasters.each do |adminmaster| %>
    6: <%= link_to adminmaster.userid, adminmaster_path(adminmaster) %>
    7: <div>ユーザID:<%= adminmaster.userid %>&nbsp;ユーザ名称:<%= adminmaster.username %></div>
    8: <% end %>
    9: 
  app/views/admin_masters/index.html.erb:6:in `block in _app_views_admin_masters_index_html_erb__2045581440064550921_70133985376540'
  app/views/admin_masters/index.html.erb:5:in `each'
  app/views/admin_masters/index.html.erb:5:in `_app_views_admin_masters_index_html_erb__2045581440064550921_70133985376540'


  Rendered /Users/toshi/.rvm/gems/ruby-1.9.2-p290/gems/actionpack-3.2.5/lib/action_dispatch/middleware/templates/rescues/_trace.erb (5.8ms)
  Rendered /Users/toshi/.rvm/gems/ruby-1.9.2-p290/gems/actionpack-3.2.5/lib/action_dispatch/middleware/templates/rescues/_request_and_response.erb (1.4ms)
  Rendered /Users/toshi/.rvm/gems/ruby-1.9.2-p290/gems/actionpack-3.2.5/lib/action_dispatch/middleware/templates/rescues/template_error.erb within rescues/layout (17.5ms)


Started GET "/diaries" for 127.0.0.1 at 2012-07-12 19:05:55 +0900

ActionController::RoutingError (No route matches [GET] "/diaries"):
  actionpack (3.2.5) lib/action_dispatch/middleware/debug_exceptions.rb:21:in `call'
  actionpack (3.2.5) lib/action_dispatch/middleware/show_exceptions.rb:56:in `call'
  railties (3.2.5) lib/rails/rack/logger.rb:26:in `call_app'
  railties (3.2.5) lib/rails/rack/logger.rb:16:in `call'
  actionpack (3.2.5) lib/action_dispatch/middleware/request_id.rb:22:in `call'
  rack (1.4.1) lib/rack/methodoverride.rb:21:in `call'
  rack (1.4.1) lib/rack/runtime.rb:17:in `call'
  activesupport (3.2.5) lib/active_support/cache/strategy/local_cache.rb:72:in `call'
  rack (1.4.1) lib/rack/lock.rb:15:in `call'
  actionpack (3.2.5) lib/action_dispatch/middleware/static.rb:62:in `call'
  railties (3.2.5) lib/rails/engine.rb:479:in `call'
  railties (3.2.5) lib/rails/application.rb:220:in `call'
  rack (1.4.1) lib/rack/content_length.rb:14:in `call'
  railties (3.2.5) lib/rails/rack/log_tailer.rb:17:in `call'
  rack (1.4.1) lib/rack/handler/webrick.rb:59:in `service'
  /Users/toshi/.rvm/rubies/ruby-1.9.2-p290/lib/ruby/1.9.1/webrick/httpserver.rb:111:in `service'
  /Users/toshi/.rvm/rubies/ruby-1.9.2-p290/lib/ruby/1.9.1/webrick/httpserver.rb:70:in `run'
  /Users/toshi/.rvm/rubies/ruby-1.9.2-p290/lib/ruby/1.9.1/webrick/server.rb:183:in `block in start_thread'


  Rendered /Users/toshi/.rvm/gems/ruby-1.9.2-p290/gems/actionpack-3.2.5/lib/action_dispatch/middleware/templates/rescues/routing_error.erb within rescues/layout (0.9ms)


Started GET "/admin_masters/index" for 127.0.0.1 at 2012-07-13 08:32:00 +0900
Connecting to database specified by database.yml
Processing by AdminMastersController#show as HTML
  Parameters: {"id"=>"index"}
  [1m[36mAdminMaster Load (0.4ms)[0m  [1mSELECT "admin_masters".* FROM "admin_masters" WHERE "admin_masters"."id" = ? LIMIT 1[0m  [["id", "index"]]
Completed 500 Internal Server Error in 133ms

ActiveRecord::RecordNotFound (Couldn't find AdminMaster with id=index):
  app/controllers/admin_masters_controller.rb:11:in `show'


  Rendered /Users/toshi/.rvm/gems/ruby-1.9.2-p290/gems/actionpack-3.2.5/lib/action_dispatch/middleware/templates/rescues/_trace.erb (4.8ms)
  Rendered /Users/toshi/.rvm/gems/ruby-1.9.2-p290/gems/actionpack-3.2.5/lib/action_dispatch/middleware/templates/rescues/_request_and_response.erb (1.7ms)
  Rendered /Users/toshi/.rvm/gems/ruby-1.9.2-p290/gems/actionpack-3.2.5/lib/action_dispatch/middleware/templates/rescues/diagnostics.erb within rescues/layout (37.0ms)


Started GET "/admin_masters/index" for 127.0.0.1 at 2012-07-13 08:34:26 +0900
Processing by AdminMastersController#show as HTML
  Parameters: {"id"=>"index"}
  [1m[35mAdminMaster Load (0.2ms)[0m  SELECT "admin_masters".* FROM "admin_masters" WHERE "admin_masters"."id" = ? LIMIT 1  [["id", "index"]]
Completed 500 Internal Server Error in 2ms

ActiveRecord::RecordNotFound (Couldn't find AdminMaster with id=index):
  app/controllers/admin_masters_controller.rb:11:in `show'


  Rendered /Users/toshi/.rvm/gems/ruby-1.9.2-p290/gems/actionpack-3.2.5/lib/action_dispatch/middleware/templates/rescues/_trace.erb (5.3ms)
  Rendered /Users/toshi/.rvm/gems/ruby-1.9.2-p290/gems/actionpack-3.2.5/lib/action_dispatch/middleware/templates/rescues/_request_and_response.erb (1.8ms)
  Rendered /Users/toshi/.rvm/gems/ruby-1.9.2-p290/gems/actionpack-3.2.5/lib/action_dispatch/middleware/templates/rescues/diagnostics.erb within rescues/layout (17.6ms)


Started GET "/admin_masters/index" for 127.0.0.1 at 2012-07-13 08:34:33 +0900
Processing by AdminMastersController#show as HTML
  Parameters: {"id"=>"index"}
  [1m[36mAdminMaster Load (0.2ms)[0m  [1mSELECT "admin_masters".* FROM "admin_masters" WHERE "admin_masters"."id" = ? LIMIT 1[0m  [["id", "index"]]
Completed 500 Internal Server Error in 2ms

ActiveRecord::RecordNotFound (Couldn't find AdminMaster with id=index):
  app/controllers/admin_masters_controller.rb:11:in `show'


  Rendered /Users/toshi/.rvm/gems/ruby-1.9.2-p290/gems/actionpack-3.2.5/lib/action_dispatch/middleware/templates/rescues/_trace.erb (6.5ms)
  Rendered /Users/toshi/.rvm/gems/ruby-1.9.2-p290/gems/actionpack-3.2.5/lib/action_dispatch/middleware/templates/rescues/_request_and_response.erb (1.6ms)
  Rendered /Users/toshi/.rvm/gems/ruby-1.9.2-p290/gems/actionpack-3.2.5/lib/action_dispatch/middleware/templates/rescues/diagnostics.erb within rescues/layout (18.6ms)


Started GET "/admin_masters/index" for 127.0.0.1 at 2012-07-13 08:35:09 +0900
Processing by AdminMastersController#show as HTML
  Parameters: {"id"=>"index"}
  [1m[35mAdminMaster Load (0.2ms)[0m  SELECT "admin_masters".* FROM "admin_masters" WHERE "admin_masters"."id" = ? LIMIT 1  [["id", "index"]]
Completed 500 Internal Server Error in 2ms

ActiveRecord::RecordNotFound (Couldn't find AdminMaster with id=index):
  app/controllers/admin_masters_controller.rb:11:in `show'


  Rendered /Users/toshi/.rvm/gems/ruby-1.9.2-p290/gems/actionpack-3.2.5/lib/action_dispatch/middleware/templates/rescues/_trace.erb (4.8ms)
  Rendered /Users/toshi/.rvm/gems/ruby-1.9.2-p290/gems/actionpack-3.2.5/lib/action_dispatch/middleware/templates/rescues/_request_and_response.erb (1.7ms)
  Rendered /Users/toshi/.rvm/gems/ruby-1.9.2-p290/gems/actionpack-3.2.5/lib/action_dispatch/middleware/templates/rescues/diagnostics.erb within rescues/layout (17.1ms)


Started GET "/admin_masters/index" for 127.0.0.1 at 2012-07-13 08:35:38 +0900

AbstractController::ActionNotFound (The action 'show' could not be found for AdminMastersController):
  actionpack (3.2.5) lib/abstract_controller/base.rb:116:in `process'
  actionpack (3.2.5) lib/abstract_controller/rendering.rb:45:in `process'
  actionpack (3.2.5) lib/action_controller/metal.rb:203:in `dispatch'
  actionpack (3.2.5) lib/action_controller/metal/rack_delegation.rb:14:in `dispatch'
  actionpack (3.2.5) lib/action_controller/metal.rb:246:in `block in action'
  actionpack (3.2.5) lib/action_dispatch/routing/route_set.rb:73:in `call'
  actionpack (3.2.5) lib/action_dispatch/routing/route_set.rb:73:in `dispatch'
  actionpack (3.2.5) lib/action_dispatch/routing/route_set.rb:36:in `call'
  journey (1.0.4) lib/journey/router.rb:68:in `block in call'
  journey (1.0.4) lib/journey/router.rb:56:in `each'
  journey (1.0.4) lib/journey/router.rb:56:in `call'
  actionpack (3.2.5) lib/action_dispatch/routing/route_set.rb:600:in `call'
  actionpack (3.2.5) lib/action_dispatch/middleware/best_standards_support.rb:17:in `call'
  rack (1.4.1) lib/rack/etag.rb:23:in `call'
  rack (1.4.1) lib/rack/conditionalget.rb:25:in `call'
  actionpack (3.2.5) lib/action_dispatch/middleware/head.rb:14:in `call'
  actionpack (3.2.5) lib/action_dispatch/middleware/params_parser.rb:21:in `call'
  actionpack (3.2.5) lib/action_dispatch/middleware/flash.rb:238:in `call'
  rack (1.4.1) lib/rack/session/abstract/id.rb:205:in `context'
  rack (1.4.1) lib/rack/session/abstract/id.rb:200:in `call'
  actionpack (3.2.5) lib/action_dispatch/middleware/cookies.rb:338:in `call'
  activerecord (3.2.5) lib/active_record/query_cache.rb:64:in `call'
  activerecord (3.2.5) lib/active_record/connection_adapters/abstract/connection_pool.rb:473:in `call'
  actionpack (3.2.5) lib/action_dispatch/middleware/callbacks.rb:28:in `block in call'
  activesupport (3.2.5) lib/active_support/callbacks.rb:405:in `_run__1632792171087807966__call__3216678955811499420__callbacks'
  activesupport (3.2.5) lib/active_support/callbacks.rb:405:in `__run_callback'
  activesupport (3.2.5) lib/active_support/callbacks.rb:385:in `_run_call_callbacks'
  activesupport (3.2.5) lib/active_support/callbacks.rb:81:in `run_callbacks'
  actionpack (3.2.5) lib/action_dispatch/middleware/callbacks.rb:27:in `call'
  actionpack (3.2.5) lib/action_dispatch/middleware/reloader.rb:65:in `call'
  actionpack (3.2.5) lib/action_dispatch/middleware/remote_ip.rb:31:in `call'
  actionpack (3.2.5) lib/action_dispatch/middleware/debug_exceptions.rb:16:in `call'
  actionpack (3.2.5) lib/action_dispatch/middleware/show_exceptions.rb:56:in `call'
  railties (3.2.5) lib/rails/rack/logger.rb:26:in `call_app'
  railties (3.2.5) lib/rails/rack/logger.rb:16:in `call'
  actionpack (3.2.5) lib/action_dispatch/middleware/request_id.rb:22:in `call'
  rack (1.4.1) lib/rack/methodoverride.rb:21:in `call'
  rack (1.4.1) lib/rack/runtime.rb:17:in `call'
  activesupport (3.2.5) lib/active_support/cache/strategy/local_cache.rb:72:in `call'
  rack (1.4.1) lib/rack/lock.rb:15:in `call'
  actionpack (3.2.5) lib/action_dispatch/middleware/static.rb:62:in `call'
  railties (3.2.5) lib/rails/engine.rb:479:in `call'
  railties (3.2.5) lib/rails/application.rb:220:in `call'
  rack (1.4.1) lib/rack/content_length.rb:14:in `call'
  railties (3.2.5) lib/rails/rack/log_tailer.rb:17:in `call'
  rack (1.4.1) lib/rack/handler/webrick.rb:59:in `service'
  /Users/toshi/.rvm/rubies/ruby-1.9.2-p290/lib/ruby/1.9.1/webrick/httpserver.rb:111:in `service'
  /Users/toshi/.rvm/rubies/ruby-1.9.2-p290/lib/ruby/1.9.1/webrick/httpserver.rb:70:in `run'
  /Users/toshi/.rvm/rubies/ruby-1.9.2-p290/lib/ruby/1.9.1/webrick/server.rb:183:in `block in start_thread'


  Rendered /Users/toshi/.rvm/gems/ruby-1.9.2-p290/gems/actionpack-3.2.5/lib/action_dispatch/middleware/templates/rescues/unknown_action.erb within rescues/layout (0.7ms)


Started GET "/admin_masters/index" for 127.0.0.1 at 2012-07-13 08:39:09 +0900
Processing by AdminMastersController#show as HTML
  Parameters: {"id"=>"index"}
  [1m[36mAdminMaster Load (0.2ms)[0m  [1mSELECT "admin_masters".* FROM "admin_masters" WHERE "admin_masters"."id" = ? LIMIT 1[0m  [["id", "index"]]
Completed 500 Internal Server Error in 4ms

ActiveRecord::RecordNotFound (Couldn't find AdminMaster with id=index):
  app/controllers/admin_masters_controller.rb:10:in `show'


  Rendered /Users/toshi/.rvm/gems/ruby-1.9.2-p290/gems/actionpack-3.2.5/lib/action_dispatch/middleware/templates/rescues/_trace.erb (4.7ms)
  Rendered /Users/toshi/.rvm/gems/ruby-1.9.2-p290/gems/actionpack-3.2.5/lib/action_dispatch/middleware/templates/rescues/_request_and_response.erb (1.6ms)
  Rendered /Users/toshi/.rvm/gems/ruby-1.9.2-p290/gems/actionpack-3.2.5/lib/action_dispatch/middleware/templates/rescues/diagnostics.erb within rescues/layout (16.6ms)


Started GET "/admin_masters/index" for 127.0.0.1 at 2012-07-13 08:40:11 +0900
Processing by AdminMastersController#show as HTML
  Parameters: {"id"=>"index"}
Completed 500 Internal Server Error in 1ms

ActiveRecord::RecordNotFound (Couldn't find AdminMaster without an ID):
  app/controllers/admin_masters_controller.rb:10:in `show'


  Rendered /Users/toshi/.rvm/gems/ruby-1.9.2-p290/gems/actionpack-3.2.5/lib/action_dispatch/middleware/templates/rescues/_trace.erb (4.7ms)
  Rendered /Users/toshi/.rvm/gems/ruby-1.9.2-p290/gems/actionpack-3.2.5/lib/action_dispatch/middleware/templates/rescues/_request_and_response.erb (1.7ms)
  Rendered /Users/toshi/.rvm/gems/ruby-1.9.2-p290/gems/actionpack-3.2.5/lib/action_dispatch/middleware/templates/rescues/diagnostics.erb within rescues/layout (16.6ms)


Started GET "/admin_masters/index" for 127.0.0.1 at 2012-07-13 08:40:22 +0900
Processing by AdminMastersController#show as HTML
  Parameters: {"id"=>"index"}
  [1m[35mAdminMaster Load (0.2ms)[0m  SELECT "admin_masters".* FROM "admin_masters" WHERE "admin_masters"."id" = ? LIMIT 1  [["id", "index"]]
Completed 500 Internal Server Error in 5ms

ActiveRecord::RecordNotFound (Couldn't find AdminMaster with id=index):
  app/controllers/admin_masters_controller.rb:10:in `show'


  Rendered /Users/toshi/.rvm/gems/ruby-1.9.2-p290/gems/actionpack-3.2.5/lib/action_dispatch/middleware/templates/rescues/_trace.erb (5.0ms)
  Rendered /Users/toshi/.rvm/gems/ruby-1.9.2-p290/gems/actionpack-3.2.5/lib/action_dispatch/middleware/templates/rescues/_request_and_response.erb (1.6ms)
  Rendered /Users/toshi/.rvm/gems/ruby-1.9.2-p290/gems/actionpack-3.2.5/lib/action_dispatch/middleware/templates/rescues/diagnostics.erb within rescues/layout (18.5ms)


Started GET "/diaries" for 127.0.0.1 at 2012-07-13 08:41:29 +0900

ActionController::RoutingError (No route matches [GET] "/diaries"):
  actionpack (3.2.5) lib/action_dispatch/middleware/debug_exceptions.rb:21:in `call'
  actionpack (3.2.5) lib/action_dispatch/middleware/show_exceptions.rb:56:in `call'
  railties (3.2.5) lib/rails/rack/logger.rb:26:in `call_app'
  railties (3.2.5) lib/rails/rack/logger.rb:16:in `call'
  actionpack (3.2.5) lib/action_dispatch/middleware/request_id.rb:22:in `call'
  rack (1.4.1) lib/rack/methodoverride.rb:21:in `call'
  rack (1.4.1) lib/rack/runtime.rb:17:in `call'
  activesupport (3.2.5) lib/active_support/cache/strategy/local_cache.rb:72:in `call'
  rack (1.4.1) lib/rack/lock.rb:15:in `call'
  actionpack (3.2.5) lib/action_dispatch/middleware/static.rb:62:in `call'
  railties (3.2.5) lib/rails/engine.rb:479:in `call'
  railties (3.2.5) lib/rails/application.rb:220:in `call'
  rack (1.4.1) lib/rack/content_length.rb:14:in `call'
  railties (3.2.5) lib/rails/rack/log_tailer.rb:17:in `call'
  rack (1.4.1) lib/rack/handler/webrick.rb:59:in `service'
  /Users/toshi/.rvm/rubies/ruby-1.9.2-p290/lib/ruby/1.9.1/webrick/httpserver.rb:111:in `service'
  /Users/toshi/.rvm/rubies/ruby-1.9.2-p290/lib/ruby/1.9.1/webrick/httpserver.rb:70:in `run'
  /Users/toshi/.rvm/rubies/ruby-1.9.2-p290/lib/ruby/1.9.1/webrick/server.rb:183:in `block in start_thread'


  Rendered /Users/toshi/.rvm/gems/ruby-1.9.2-p290/gems/actionpack-3.2.5/lib/action_dispatch/middleware/templates/rescues/routing_error.erb within rescues/layout (1.1ms)


Started GET "/admin_masters/index" for 127.0.0.1 at 2012-07-13 08:43:36 +0900
Processing by AdminMastersController#show as HTML
  Parameters: {"id"=>"index"}
  [1m[36mAdminMaster Load (0.2ms)[0m  [1mSELECT "admin_masters".* FROM "admin_masters" WHERE "admin_masters"."id" = ? LIMIT 1[0m  [["id", "index"]]
Completed 500 Internal Server Error in 1ms

ActiveRecord::RecordNotFound (Couldn't find AdminMaster with id=index):
  app/controllers/admin_masters_controller.rb:10:in `show'


  Rendered /Users/toshi/.rvm/gems/ruby-1.9.2-p290/gems/actionpack-3.2.5/lib/action_dispatch/middleware/templates/rescues/_trace.erb (10.6ms)
  Rendered /Users/toshi/.rvm/gems/ruby-1.9.2-p290/gems/actionpack-3.2.5/lib/action_dispatch/middleware/templates/rescues/_request_and_response.erb (2.1ms)
  Rendered /Users/toshi/.rvm/gems/ruby-1.9.2-p290/gems/actionpack-3.2.5/lib/action_dispatch/middleware/templates/rescues/diagnostics.erb within rescues/layout (26.1ms)


Started GET "/admin_masters" for 127.0.0.1 at 2012-07-13 08:43:51 +0900
Processing by AdminMastersController#index as HTML
  [1m[35mAdminMaster Load (0.3ms)[0m  SELECT "admin_masters".* FROM "admin_masters" 
  Rendered admin_masters/index.html.erb within layouts/application (1.0ms)
Completed 200 OK in 80ms (Views: 67.9ms | ActiveRecord: 0.3ms)


Started GET "/assets/application.css?body=1" for 127.0.0.1 at 2012-07-13 08:43:51 +0900
Served asset /application.css - 200 OK (6ms)


Started GET "/assets/jquery.js?body=1" for 127.0.0.1 at 2012-07-13 08:43:51 +0900
Served asset /jquery.js - 200 OK (5ms)


Started GET "/assets/jquery_ujs.js?body=1" for 127.0.0.1 at 2012-07-13 08:43:51 +0900
Served asset /jquery_ujs.js - 200 OK (4ms)


Started GET "/assets/admin_masters.js?body=1" for 127.0.0.1 at 2012-07-13 08:43:51 +0900
Served asset /admin_masters.js - 200 OK (2ms)


Started GET "/assets/admin_masters.css?body=1" for 127.0.0.1 at 2012-07-13 08:43:51 +0900
Served asset /admin_masters.css - 200 OK (3ms)


Started GET "/assets/application.js?body=1" for 127.0.0.1 at 2012-07-13 08:43:51 +0900
Served asset /application.js - 200 OK (10ms)


Started GET "/admin_masters" for 127.0.0.1 at 2012-07-13 08:46:31 +0900
Processing by AdminMastersController#index as HTML
  [1m[36mAdminMaster Load (0.3ms)[0m  [1mSELECT "admin_masters".* FROM "admin_masters" [0m
  Rendered admin_masters/index.html.erb within layouts/application (2.7ms)
Completed 200 OK in 21ms (Views: 19.0ms | ActiveRecord: 0.3ms)


Started GET "/assets/application.css?body=1" for 127.0.0.1 at 2012-07-13 08:46:31 +0900
Served asset /application.css - 304 Not Modified (0ms)


Started GET "/assets/jquery_ujs.js?body=1" for 127.0.0.1 at 2012-07-13 08:46:31 +0900
Served asset /jquery_ujs.js - 304 Not Modified (0ms)


Started GET "/assets/jquery.js?body=1" for 127.0.0.1 at 2012-07-13 08:46:31 +0900
Served asset /jquery.js - 304 Not Modified (0ms)


Started GET "/assets/admin_masters.css?body=1" for 127.0.0.1 at 2012-07-13 08:46:31 +0900
Served asset /admin_masters.css - 304 Not Modified (0ms)


Started GET "/assets/admin_masters.js?body=1" for 127.0.0.1 at 2012-07-13 08:46:31 +0900
Served asset /admin_masters.js - 304 Not Modified (0ms)


Started GET "/assets/application.js?body=1" for 127.0.0.1 at 2012-07-13 08:46:31 +0900
Served asset /application.js - 304 Not Modified (0ms)


Started GET "/admin_masters.1" for 127.0.0.1 at 2012-07-13 08:46:33 +0900
Processing by AdminMastersController#index as 
  [1m[35mAdminMaster Load (0.3ms)[0m  SELECT "admin_masters".* FROM "admin_masters" 
  Rendered admin_masters/index.html.erb within layouts/application (2.9ms)
Completed 200 OK in 38ms (Views: 36.4ms | ActiveRecord: 0.3ms)


Started GET "/assets/application.css?body=1" for 127.0.0.1 at 2012-07-13 08:46:33 +0900
Served asset /application.css - 304 Not Modified (0ms)


Started GET "/assets/jquery.js?body=1" for 127.0.0.1 at 2012-07-13 08:46:33 +0900
Served asset /jquery.js - 304 Not Modified (0ms)


Started GET "/assets/jquery_ujs.js?body=1" for 127.0.0.1 at 2012-07-13 08:46:33 +0900
Served asset /jquery_ujs.js - 304 Not Modified (0ms)


Started GET "/assets/admin_masters.js?body=1" for 127.0.0.1 at 2012-07-13 08:46:33 +0900
Served asset /admin_masters.js - 304 Not Modified (0ms)


Started GET "/assets/admin_masters.css?body=1" for 127.0.0.1 at 2012-07-13 08:46:33 +0900
Served asset /admin_masters.css - 304 Not Modified (0ms)


Started GET "/assets/application.js?body=1" for 127.0.0.1 at 2012-07-13 08:46:33 +0900
Served asset /application.js - 304 Not Modified (0ms)


Started GET "/admin_masters.2" for 127.0.0.1 at 2012-07-13 08:46:36 +0900
Processing by AdminMastersController#index as 
  [1m[36mAdminMaster Load (0.3ms)[0m  [1mSELECT "admin_masters".* FROM "admin_masters" [0m
  Rendered admin_masters/index.html.erb within layouts/application (1.8ms)
Completed 200 OK in 14ms (Views: 11.9ms | ActiveRecord: 0.3ms)


Started GET "/assets/application.css?body=1" for 127.0.0.1 at 2012-07-13 08:46:37 +0900
Served asset /application.css - 304 Not Modified (0ms)


Started GET "/assets/jquery.js?body=1" for 127.0.0.1 at 2012-07-13 08:46:37 +0900
Served asset /jquery.js - 304 Not Modified (0ms)


Started GET "/assets/jquery_ujs.js?body=1" for 127.0.0.1 at 2012-07-13 08:46:37 +0900
Served asset /jquery_ujs.js - 304 Not Modified (0ms)


Started GET "/assets/admin_masters.css?body=1" for 127.0.0.1 at 2012-07-13 08:46:37 +0900
Served asset /admin_masters.css - 304 Not Modified (0ms)


Started GET "/assets/admin_masters.js?body=1" for 127.0.0.1 at 2012-07-13 08:46:37 +0900
Served asset /admin_masters.js - 304 Not Modified (0ms)


Started GET "/assets/application.js?body=1" for 127.0.0.1 at 2012-07-13 08:46:37 +0900
Served asset /application.js - 304 Not Modified (0ms)


Started GET "/admin_masters.3" for 127.0.0.1 at 2012-07-13 08:47:08 +0900
Processing by AdminMastersController#index as 
  [1m[35mAdminMaster Load (0.3ms)[0m  SELECT "admin_masters".* FROM "admin_masters" 
  Rendered admin_masters/index.html.erb within layouts/application (1.9ms)
Completed 200 OK in 32ms (Views: 30.3ms | ActiveRecord: 0.3ms)


Started GET "/assets/application.css?body=1" for 127.0.0.1 at 2012-07-13 08:47:08 +0900
Served asset /application.css - 304 Not Modified (0ms)


Started GET "/assets/jquery.js?body=1" for 127.0.0.1 at 2012-07-13 08:47:08 +0900
Served asset /jquery.js - 304 Not Modified (0ms)


Started GET "/assets/jquery_ujs.js?body=1" for 127.0.0.1 at 2012-07-13 08:47:08 +0900
Served asset /jquery_ujs.js - 304 Not Modified (0ms)


Started GET "/assets/admin_masters.js?body=1" for 127.0.0.1 at 2012-07-13 08:47:08 +0900
Served asset /admin_masters.js - 304 Not Modified (0ms)


Started GET "/assets/application.js?body=1" for 127.0.0.1 at 2012-07-13 08:47:08 +0900
Served asset /application.js - 304 Not Modified (0ms)


Started GET "/assets/admin_masters.css?body=1" for 127.0.0.1 at 2012-07-13 08:47:08 +0900
Served asset /admin_masters.css - 304 Not Modified (0ms)


Started GET "/admin_masters.3" for 127.0.0.1 at 2012-07-13 08:49:36 +0900
Processing by AdminMastersController#index as 
  [1m[36mAdminMaster Load (0.3ms)[0m  [1mSELECT "admin_masters".* FROM "admin_masters" [0m
  Rendered admin_masters/index.html.erb within layouts/application (1.8ms)
Completed 200 OK in 14ms (Views: 12.9ms | ActiveRecord: 0.3ms)


Started GET "/assets/application.css?body=1" for 127.0.0.1 at 2012-07-13 08:49:36 +0900
Served asset /application.css - 304 Not Modified (0ms)


Started GET "/assets/admin_masters.css?body=1" for 127.0.0.1 at 2012-07-13 08:49:36 +0900
Served asset /admin_masters.css - 304 Not Modified (0ms)


Started GET "/assets/jquery.js?body=1" for 127.0.0.1 at 2012-07-13 08:49:36 +0900
Served asset /jquery.js - 304 Not Modified (0ms)


Started GET "/assets/jquery_ujs.js?body=1" for 127.0.0.1 at 2012-07-13 08:49:36 +0900
Served asset /jquery_ujs.js - 304 Not Modified (0ms)


Started GET "/assets/admin_masters.js?body=1" for 127.0.0.1 at 2012-07-13 08:49:36 +0900
Served asset /admin_masters.js - 304 Not Modified (0ms)


Started GET "/assets/application.js?body=1" for 127.0.0.1 at 2012-07-13 08:49:36 +0900
Served asset /application.js - 304 Not Modified (0ms)


Started GET "/admin_masters.2" for 127.0.0.1 at 2012-07-13 08:49:38 +0900
Processing by AdminMastersController#index as 
  [1m[35mAdminMaster Load (0.3ms)[0m  SELECT "admin_masters".* FROM "admin_masters" 
  Rendered admin_masters/index.html.erb within layouts/application (1.7ms)
Completed 200 OK in 13ms (Views: 12.0ms | ActiveRecord: 0.3ms)


Started GET "/assets/jquery.js?body=1" for 127.0.0.1 at 2012-07-13 08:49:38 +0900
Served asset /jquery.js - 304 Not Modified (0ms)


Started GET "/assets/admin_masters.js?body=1" for 127.0.0.1 at 2012-07-13 08:49:38 +0900
Served asset /admin_masters.js - 304 Not Modified (0ms)


Started GET "/assets/jquery_ujs.js?body=1" for 127.0.0.1 at 2012-07-13 08:49:38 +0900
Served asset /jquery_ujs.js - 304 Not Modified (0ms)


Started GET "/assets/admin_masters.css?body=1" for 127.0.0.1 at 2012-07-13 08:49:38 +0900
Served asset /admin_masters.css - 304 Not Modified (0ms)


Started GET "/assets/application.css?body=1" for 127.0.0.1 at 2012-07-13 08:49:38 +0900
Served asset /application.css - 304 Not Modified (0ms)


Started GET "/assets/application.js?body=1" for 127.0.0.1 at 2012-07-13 08:49:38 +0900
Served asset /application.js - 304 Not Modified (2ms)


Started GET "/admin_masters.1" for 127.0.0.1 at 2012-07-13 08:49:40 +0900
Processing by AdminMastersController#index as 
  [1m[36mAdminMaster Load (0.3ms)[0m  [1mSELECT "admin_masters".* FROM "admin_masters" [0m
  Rendered admin_masters/index.html.erb within layouts/application (1.7ms)
Completed 200 OK in 13ms (Views: 11.7ms | ActiveRecord: 0.3ms)


Started GET "/assets/admin_masters.css?body=1" for 127.0.0.1 at 2012-07-13 08:49:40 +0900
Served asset /admin_masters.css - 304 Not Modified (0ms)


Started GET "/assets/jquery.js?body=1" for 127.0.0.1 at 2012-07-13 08:49:40 +0900
Served asset /jquery.js - 304 Not Modified (0ms)


Started GET "/assets/application.css?body=1" for 127.0.0.1 at 2012-07-13 08:49:40 +0900
Served asset /application.css - 304 Not Modified (0ms)


Started GET "/assets/jquery_ujs.js?body=1" for 127.0.0.1 at 2012-07-13 08:49:40 +0900
Served asset /jquery_ujs.js - 304 Not Modified (0ms)


Started GET "/assets/admin_masters.js?body=1" for 127.0.0.1 at 2012-07-13 08:49:40 +0900
Served asset /admin_masters.js - 304 Not Modified (0ms)


Started GET "/assets/application.js?body=1" for 127.0.0.1 at 2012-07-13 08:49:40 +0900
Served asset /application.js - 304 Not Modified (0ms)


Started GET "/admin_masters.1" for 127.0.0.1 at 2012-07-13 08:49:57 +0900
Processing by AdminMastersController#index as 
  [1m[35mAdminMaster Load (0.3ms)[0m  SELECT "admin_masters".* FROM "admin_masters" 
  Rendered admin_masters/index.html.erb within layouts/application (2.9ms)
Completed 200 OK in 15ms (Views: 13.3ms | ActiveRecord: 0.3ms)


Started GET "/assets/application.css?body=1" for 127.0.0.1 at 2012-07-13 08:49:58 +0900
Served asset /application.css - 304 Not Modified (0ms)


Started GET "/assets/jquery.js?body=1" for 127.0.0.1 at 2012-07-13 08:49:58 +0900
Served asset /jquery.js - 304 Not Modified (0ms)


Started GET "/assets/admin_masters.js?body=1" for 127.0.0.1 at 2012-07-13 08:49:58 +0900
Served asset /admin_masters.js - 304 Not Modified (0ms)


Started GET "/assets/admin_masters.css?body=1" for 127.0.0.1 at 2012-07-13 08:49:58 +0900
Served asset /admin_masters.css - 304 Not Modified (0ms)


Started GET "/assets/jquery_ujs.js?body=1" for 127.0.0.1 at 2012-07-13 08:49:58 +0900
Served asset /jquery_ujs.js - 304 Not Modified (0ms)


Started GET "/assets/application.js?body=1" for 127.0.0.1 at 2012-07-13 08:49:58 +0900
Served asset /application.js - 304 Not Modified (0ms)


Started GET "/admin_masters.1" for 127.0.0.1 at 2012-07-13 08:49:59 +0900
Processing by AdminMastersController#index as 
  [1m[36mAdminMaster Load (0.3ms)[0m  [1mSELECT "admin_masters".* FROM "admin_masters" [0m
  Rendered admin_masters/index.html.erb within layouts/application (1.7ms)
Completed 200 OK in 14ms (Views: 12.2ms | ActiveRecord: 0.3ms)


Started GET "/assets/application.css?body=1" for 127.0.0.1 at 2012-07-13 08:49:59 +0900
Served asset /application.css - 304 Not Modified (0ms)


Started GET "/assets/jquery_ujs.js?body=1" for 127.0.0.1 at 2012-07-13 08:49:59 +0900
Served asset /jquery_ujs.js - 304 Not Modified (0ms)


Started GET "/assets/jquery.js?body=1" for 127.0.0.1 at 2012-07-13 08:50:00 +0900
Served asset /jquery.js - 304 Not Modified (0ms)


Started GET "/assets/admin_masters.css?body=1" for 127.0.0.1 at 2012-07-13 08:50:00 +0900
Served asset /admin_masters.css - 304 Not Modified (0ms)


Started GET "/assets/admin_masters.js?body=1" for 127.0.0.1 at 2012-07-13 08:50:00 +0900
Served asset /admin_masters.js - 304 Not Modified (0ms)


Started GET "/assets/application.js?body=1" for 127.0.0.1 at 2012-07-13 08:50:00 +0900
Served asset /application.js - 304 Not Modified (0ms)


Started GET "/admin_masters.1" for 127.0.0.1 at 2012-07-13 08:50:01 +0900
Processing by AdminMastersController#index as 
  [1m[35mAdminMaster Load (0.3ms)[0m  SELECT "admin_masters".* FROM "admin_masters" 
  Rendered admin_masters/index.html.erb within layouts/application (1.9ms)
Completed 200 OK in 46ms (Views: 44.3ms | ActiveRecord: 0.3ms)


Started GET "/assets/jquery.js?body=1" for 127.0.0.1 at 2012-07-13 08:50:01 +0900
Served asset /jquery.js - 304 Not Modified (0ms)


Started GET "/assets/application.css?body=1" for 127.0.0.1 at 2012-07-13 08:50:01 +0900
Served asset /application.css - 304 Not Modified (0ms)


Started GET "/assets/admin_masters.css?body=1" for 127.0.0.1 at 2012-07-13 08:50:01 +0900
Served asset /admin_masters.css - 304 Not Modified (0ms)


Started GET "/assets/jquery_ujs.js?body=1" for 127.0.0.1 at 2012-07-13 08:50:01 +0900
Served asset /jquery_ujs.js - 304 Not Modified (0ms)


Started GET "/assets/admin_masters.js?body=1" for 127.0.0.1 at 2012-07-13 08:50:01 +0900
Served asset /admin_masters.js - 304 Not Modified (0ms)


Started GET "/assets/application.js?body=1" for 127.0.0.1 at 2012-07-13 08:50:01 +0900
Served asset /application.js - 304 Not Modified (0ms)


Started GET "/admin_masters.1" for 127.0.0.1 at 2012-07-13 08:56:47 +0900
Processing by AdminMastersController#index as 
  [1m[36mAdminMaster Load (0.3ms)[0m  [1mSELECT "admin_masters".* FROM "admin_masters" [0m
  Rendered admin_masters/index.html.erb within layouts/application (1.9ms)
Completed 200 OK in 13ms (Views: 11.7ms | ActiveRecord: 0.3ms)


Started GET "/assets/application.css?body=1" for 127.0.0.1 at 2012-07-13 08:56:47 +0900
Served asset /application.css - 304 Not Modified (0ms)


Started GET "/assets/admin_masters.js?body=1" for 127.0.0.1 at 2012-07-13 08:56:47 +0900
Served asset /admin_masters.js - 304 Not Modified (0ms)


Started GET "/assets/jquery.js?body=1" for 127.0.0.1 at 2012-07-13 08:56:47 +0900
Served asset /jquery.js - 304 Not Modified (0ms)


Started GET "/assets/admin_masters.css?body=1" for 127.0.0.1 at 2012-07-13 08:56:47 +0900
Served asset /admin_masters.css - 304 Not Modified (0ms)


Started GET "/assets/jquery_ujs.js?body=1" for 127.0.0.1 at 2012-07-13 08:56:47 +0900
Served asset /jquery_ujs.js - 304 Not Modified (0ms)


Started GET "/assets/application.js?body=1" for 127.0.0.1 at 2012-07-13 08:56:47 +0900
Served asset /application.js - 304 Not Modified (0ms)


Started GET "/admin_masters.1" for 127.0.0.1 at 2012-07-13 08:57:33 +0900
Processing by AdminMastersController#index as 
  [1m[35mAdminMaster Load (0.3ms)[0m  SELECT "admin_masters".* FROM "admin_masters" 
  Rendered admin_masters/index.html.erb within layouts/application (1.8ms)
Completed 200 OK in 14ms (Views: 12.4ms | ActiveRecord: 0.3ms)


Started GET "/assets/application.css?body=1" for 127.0.0.1 at 2012-07-13 08:57:33 +0900
Served asset /application.css - 304 Not Modified (0ms)


Started GET "/assets/admin_masters.css?body=1" for 127.0.0.1 at 2012-07-13 08:57:33 +0900
Served asset /admin_masters.css - 304 Not Modified (0ms)


Started GET "/assets/jquery.js?body=1" for 127.0.0.1 at 2012-07-13 08:57:33 +0900
Served asset /jquery.js - 304 Not Modified (0ms)


Started GET "/assets/jquery_ujs.js?body=1" for 127.0.0.1 at 2012-07-13 08:57:33 +0900
Served asset /jquery_ujs.js - 304 Not Modified (0ms)


Started GET "/assets/application.js?body=1" for 127.0.0.1 at 2012-07-13 08:57:33 +0900
Served asset /application.js - 304 Not Modified (0ms)


Started GET "/assets/admin_masters.js?body=1" for 127.0.0.1 at 2012-07-13 08:57:33 +0900
Served asset /admin_masters.js - 304 Not Modified (0ms)


Started GET "/admin_masters.1" for 127.0.0.1 at 2012-07-13 08:57:59 +0900
Processing by AdminMastersController#index as 
  [1m[36mAdminMaster Load (0.2ms)[0m  [1mSELECT "admin_masters".* FROM "admin_masters" [0m
  Rendered admin_masters/index.html.erb within layouts/application (1.9ms)
Completed 200 OK in 31ms (Views: 14.0ms | ActiveRecord: 0.9ms)


Started GET "/assets/admin_masters.css?body=1" for 127.0.0.1 at 2012-07-13 08:57:59 +0900
Served asset /admin_masters.css - 304 Not Modified (0ms)


Started GET "/assets/admin_masters.js?body=1" for 127.0.0.1 at 2012-07-13 08:57:59 +0900
Served asset /admin_masters.js - 304 Not Modified (0ms)


Started GET "/assets/jquery_ujs.js?body=1" for 127.0.0.1 at 2012-07-13 08:57:59 +0900
Served asset /jquery_ujs.js - 304 Not Modified (0ms)


Started GET "/assets/application.js?body=1" for 127.0.0.1 at 2012-07-13 08:57:59 +0900
Served asset /application.js - 304 Not Modified (0ms)


Started GET "/assets/application.css?body=1" for 127.0.0.1 at 2012-07-13 08:57:59 +0900
Served asset /application.css - 304 Not Modified (0ms)


Started GET "/assets/jquery.js?body=1" for 127.0.0.1 at 2012-07-13 08:57:59 +0900
Served asset /jquery.js - 304 Not Modified (0ms)


Started GET "/admin_masters.1" for 127.0.0.1 at 2012-07-13 08:58:01 +0900
Processing by AdminMastersController#index as 
  [1m[35mAdminMaster Load (0.3ms)[0m  SELECT "admin_masters".* FROM "admin_masters" 
  Rendered admin_masters/index.html.erb within layouts/application (1.7ms)
Completed 200 OK in 14ms (Views: 11.9ms | ActiveRecord: 0.3ms)


Started GET "/assets/jquery.js?body=1" for 127.0.0.1 at 2012-07-13 08:58:01 +0900
Served asset /jquery.js - 304 Not Modified (0ms)


Started GET "/assets/admin_masters.js?body=1" for 127.0.0.1 at 2012-07-13 08:58:01 +0900
Served asset /admin_masters.js - 304 Not Modified (0ms)


Started GET "/assets/application.css?body=1" for 127.0.0.1 at 2012-07-13 08:58:01 +0900
Served asset /application.css - 304 Not Modified (0ms)


Started GET "/assets/jquery_ujs.js?body=1" for 127.0.0.1 at 2012-07-13 08:58:01 +0900
Served asset /jquery_ujs.js - 304 Not Modified (0ms)


Started GET "/assets/admin_masters.css?body=1" for 127.0.0.1 at 2012-07-13 08:58:01 +0900
Served asset /admin_masters.css - 304 Not Modified (0ms)


Started GET "/assets/application.js?body=1" for 127.0.0.1 at 2012-07-13 08:58:01 +0900
Served asset /application.js - 304 Not Modified (0ms)


Started GET "/admin_masters.1" for 127.0.0.1 at 2012-07-13 08:59:27 +0900
Processing by AdminMastersController#index as 
  [1m[36mAdminMaster Load (0.2ms)[0m  [1mSELECT "admin_masters".* FROM "admin_masters" [0m
  Rendered admin_masters/index.html.erb within layouts/application (1.9ms)
Completed 200 OK in 79ms (Views: 12.8ms | ActiveRecord: 1.0ms)


Started GET "/assets/admin_masters.css?body=1" for 127.0.0.1 at 2012-07-13 08:59:27 +0900
Served asset /admin_masters.css - 304 Not Modified (0ms)


Started GET "/assets/jquery.js?body=1" for 127.0.0.1 at 2012-07-13 08:59:27 +0900
Served asset /jquery.js - 304 Not Modified (0ms)


Started GET "/assets/jquery_ujs.js?body=1" for 127.0.0.1 at 2012-07-13 08:59:27 +0900
Served asset /jquery_ujs.js - 304 Not Modified (0ms)


Started GET "/assets/admin_masters.js?body=1" for 127.0.0.1 at 2012-07-13 08:59:27 +0900
Served asset /admin_masters.js - 304 Not Modified (0ms)


Started GET "/assets/application.css?body=1" for 127.0.0.1 at 2012-07-13 08:59:27 +0900
Served asset /application.css - 304 Not Modified (0ms)


Started GET "/assets/application.js?body=1" for 127.0.0.1 at 2012-07-13 08:59:27 +0900
Served asset /application.js - 304 Not Modified (0ms)


Started GET "/admin_masters.1" for 127.0.0.1 at 2012-07-13 08:59:29 +0900
Processing by AdminMastersController#index as 
  [1m[35mAdminMaster Load (0.3ms)[0m  SELECT "admin_masters".* FROM "admin_masters" 
  Rendered admin_masters/index.html.erb within layouts/application (1.8ms)
Completed 200 OK in 30ms (Views: 28.1ms | ActiveRecord: 0.3ms)


Started GET "/assets/application.css?body=1" for 127.0.0.1 at 2012-07-13 08:59:29 +0900
Served asset /application.css - 304 Not Modified (0ms)


Started GET "/assets/admin_masters.css?body=1" for 127.0.0.1 at 2012-07-13 08:59:29 +0900
Served asset /admin_masters.css - 304 Not Modified (0ms)


Started GET "/assets/jquery.js?body=1" for 127.0.0.1 at 2012-07-13 08:59:29 +0900
Served asset /jquery.js - 304 Not Modified (0ms)


Started GET "/assets/jquery_ujs.js?body=1" for 127.0.0.1 at 2012-07-13 08:59:29 +0900
Served asset /jquery_ujs.js - 304 Not Modified (0ms)


Started GET "/assets/admin_masters.js?body=1" for 127.0.0.1 at 2012-07-13 08:59:29 +0900
Served asset /admin_masters.js - 304 Not Modified (0ms)


Started GET "/assets/application.js?body=1" for 127.0.0.1 at 2012-07-13 08:59:29 +0900
Served asset /application.js - 304 Not Modified (0ms)
